[02:02:15] [Server thread/INFO]: Starting minecraft server version 1.7.10
[02:02:15] [Server thread/INFO]: Loading properties
[02:02:15] [Server thread/INFO]: Default game type: SURVIVAL
[02:02:15] [Server thread/INFO]: Generating keypair
[02:02:15] [Server thread/INFO]: Starting Minecraft server on *:25565
[02:02:15] [Server thread/INFO]: This server is running CraftBukkit version git-Bukkit-1.7.9-R0.2-24-g07d4558-b3116jnks (MC: 1.7.10) (Implementing API version 1.7.10-R0.1-SNAPSHOT)
[02:02:15] [Server thread/WARN]: Failed to load user banlist: 
java.io.FileNotFoundException: banned-players.json (No such file or directory)
	at java.io.FileInputStream.open0(Native Method) ~[?:1.8.0_65]
	at java.io.FileInputStream.open(FileInputStream.java:195) ~[?:1.8.0_65]
	at java.io.FileInputStream.<init>(FileInputStream.java:138) ~[?:1.8.0_65]
	at net.minecraft.util.com.google.common.io.Files.newReader(Files.java:86) ~[bukkitserver.jar:git-Bukkit-1.7.9-R0.2-24-g07d4558-b3116jnks]
	at net.minecraft.server.v1_7_R4.JsonList.load(JsonList.java:147) ~[bukkitserver.jar:git-Bukkit-1.7.9-R0.2-24-g07d4558-b3116jnks]
	at net.minecraft.server.v1_7_R4.DedicatedPlayerList.y(SourceFile:99) [bukkitserver.jar:git-Bukkit-1.7.9-R0.2-24-g07d4558-b3116jnks]
	at net.minecraft.server.v1_7_R4.DedicatedPlayerList.<init>(SourceFile:25) [bukkitserver.jar:git-Bukkit-1.7.9-R0.2-24-g07d4558-b3116jnks]
	at net.minecraft.server.v1_7_R4.DedicatedServer.init(DedicatedServer.java:133) [bukkitserver.jar:git-Bukkit-1.7.9-R0.2-24-g07d4558-b3116jnks]
	at net.minecraft.server.v1_7_R4.MinecraftServer.run(MinecraftServer.java:436) [bukkitserver.jar:git-Bukkit-1.7.9-R0.2-24-g07d4558-b3116jnks]
	at net.minecraft.server.v1_7_R4.ThreadServerApplication.run(SourceFile:628) [bukkitserver.jar:git-Bukkit-1.7.9-R0.2-24-g07d4558-b3116jnks]
[02:02:15] [Server thread/WARN]: Failed to load ip banlist: 
java.io.FileNotFoundException: banned-ips.json (No such file or directory)
	at java.io.FileInputStream.open0(Native Method) ~[?:1.8.0_65]
	at java.io.FileInputStream.open(FileInputStream.java:195) ~[?:1.8.0_65]
	at java.io.FileInputStream.<init>(FileInputStream.java:138) ~[?:1.8.0_65]
	at net.minecraft.util.com.google.common.io.Files.newReader(Files.java:86) ~[bukkitserver.jar:git-Bukkit-1.7.9-R0.2-24-g07d4558-b3116jnks]
	at net.minecraft.server.v1_7_R4.JsonList.load(JsonList.java:147) ~[bukkitserver.jar:git-Bukkit-1.7.9-R0.2-24-g07d4558-b3116jnks]
	at net.minecraft.server.v1_7_R4.DedicatedPlayerList.x(SourceFile:91) [bukkitserver.jar:git-Bukkit-1.7.9-R0.2-24-g07d4558-b3116jnks]
	at net.minecraft.server.v1_7_R4.DedicatedPlayerList.<init>(SourceFile:27) [bukkitserver.jar:git-Bukkit-1.7.9-R0.2-24-g07d4558-b3116jnks]
	at net.minecraft.server.v1_7_R4.DedicatedServer.init(DedicatedServer.java:133) [bukkitserver.jar:git-Bukkit-1.7.9-R0.2-24-g07d4558-b3116jnks]
	at net.minecraft.server.v1_7_R4.MinecraftServer.run(MinecraftServer.java:436) [bukkitserver.jar:git-Bukkit-1.7.9-R0.2-24-g07d4558-b3116jnks]
	at net.minecraft.server.v1_7_R4.ThreadServerApplication.run(SourceFile:628) [bukkitserver.jar:git-Bukkit-1.7.9-R0.2-24-g07d4558-b3116jnks]
[02:02:15] [Server thread/WARN]: Failed to load operators list: 
java.io.FileNotFoundException: ops.json (No such file or directory)
	at java.io.FileInputStream.open0(Native Method) ~[?:1.8.0_65]
	at java.io.FileInputStream.open(FileInputStream.java:195) ~[?:1.8.0_65]
	at java.io.FileInputStream.<init>(FileInputStream.java:138) ~[?:1.8.0_65]
	at net.minecraft.util.com.google.common.io.Files.newReader(Files.java:86) ~[bukkitserver.jar:git-Bukkit-1.7.9-R0.2-24-g07d4558-b3116jnks]
	at net.minecraft.server.v1_7_R4.JsonList.load(JsonList.java:147) ~[bukkitserver.jar:git-Bukkit-1.7.9-R0.2-24-g07d4558-b3116jnks]
	at net.minecraft.server.v1_7_R4.DedicatedPlayerList.z(SourceFile:107) [bukkitserver.jar:git-Bukkit-1.7.9-R0.2-24-g07d4558-b3116jnks]
	at net.minecraft.server.v1_7_R4.DedicatedPlayerList.<init>(SourceFile:29) [bukkitserver.jar:git-Bukkit-1.7.9-R0.2-24-g07d4558-b3116jnks]
	at net.minecraft.server.v1_7_R4.DedicatedServer.init(DedicatedServer.java:133) [bukkitserver.jar:git-Bukkit-1.7.9-R0.2-24-g07d4558-b3116jnks]
	at net.minecraft.server.v1_7_R4.MinecraftServer.run(MinecraftServer.java:436) [bukkitserver.jar:git-Bukkit-1.7.9-R0.2-24-g07d4558-b3116jnks]
	at net.minecraft.server.v1_7_R4.ThreadServerApplication.run(SourceFile:628) [bukkitserver.jar:git-Bukkit-1.7.9-R0.2-24-g07d4558-b3116jnks]
[02:02:15] [Server thread/WARN]: Failed to load white-list: 
java.io.FileNotFoundException: whitelist.json (No such file or directory)
	at java.io.FileInputStream.open0(Native Method) ~[?:1.8.0_65]
	at java.io.FileInputStream.open(FileInputStream.java:195) ~[?:1.8.0_65]
	at java.io.FileInputStream.<init>(FileInputStream.java:138) ~[?:1.8.0_65]
	at net.minecraft.util.com.google.common.io.Files.newReader(Files.java:86) ~[bukkitserver.jar:git-Bukkit-1.7.9-R0.2-24-g07d4558-b3116jnks]
	at net.minecraft.server.v1_7_R4.JsonList.load(JsonList.java:147) ~[bukkitserver.jar:git-Bukkit-1.7.9-R0.2-24-g07d4558-b3116jnks]
	at net.minecraft.server.v1_7_R4.DedicatedPlayerList.B(SourceFile:123) [bukkitserver.jar:git-Bukkit-1.7.9-R0.2-24-g07d4558-b3116jnks]
	at net.minecraft.server.v1_7_R4.DedicatedPlayerList.<init>(SourceFile:30) [bukkitserver.jar:git-Bukkit-1.7.9-R0.2-24-g07d4558-b3116jnks]
	at net.minecraft.server.v1_7_R4.DedicatedServer.init(DedicatedServer.java:133) [bukkitserver.jar:git-Bukkit-1.7.9-R0.2-24-g07d4558-b3116jnks]
	at net.minecraft.server.v1_7_R4.MinecraftServer.run(MinecraftServer.java:436) [bukkitserver.jar:git-Bukkit-1.7.9-R0.2-24-g07d4558-b3116jnks]
	at net.minecraft.server.v1_7_R4.ThreadServerApplication.run(SourceFile:628) [bukkitserver.jar:git-Bukkit-1.7.9-R0.2-24-g07d4558-b3116jnks]
[02:02:15] [Server thread/INFO]: Preparing level "world"
[02:02:15] [Server thread/WARN]: Unable to find spawn biome
[02:02:15] [Thread-7/WARN]: Could not get information about this CraftBukkit version; perhaps you are running a custom one?: FileNotFoundException
[02:02:16] [Server thread/INFO]: Preparing start region for level 0 (Seed: 926170156292241059)
[02:02:16] [Thread-7/WARN]: Could not get latest artifact information: FileNotFoundException
[02:02:17] [Server thread/INFO]: Preparing spawn area: 19%
[02:02:18] [Server thread/INFO]: Preparing spawn area: 41%
[02:02:19] [Server thread/INFO]: Preparing spawn area: 67%
[02:02:20] [Server thread/INFO]: Preparing spawn area: 95%
[02:02:20] [Server thread/INFO]: Preparing start region for level 1 (Seed: 926170156292241059)
[02:02:21] [Server thread/INFO]: Preparing spawn area: 27%
[02:02:22] [Server thread/INFO]: Preparing spawn area: 51%
[02:02:23] [Server thread/INFO]: Preparing spawn area: 82%
[02:02:23] [Server thread/INFO]: Preparing start region for level 2 (Seed: 926170156292241059)
[02:02:24] [Server thread/INFO]: Done (9.284s)! For help, type "help" or "?"
[02:10:17] [Server thread/INFO]: Unknown command. Type "help" for help.[m
[02:10:20] [Server thread/INFO]: [0;33;1m--------- [0;37;1mHelp: Index [0;33;1m---------------------------[m
[02:10:20] [Server thread/INFO]: [0;37;22mUse /help [n] to get page n of help.[m
[02:10:20] [Server thread/INFO]: [0;33;22mAliases: [0;37;1mLists command aliases[m
[02:10:20] [Server thread/INFO]: [0;33;22mBukkit: [0;37;1mAll commands for Bukkit[m
[02:10:20] [Server thread/INFO]: [0;33;22mMinecraft: [0;37;1mAll commands for Minecraft[m
[02:10:20] [Server thread/INFO]: [0;33;22m/achievement: [0;37;1mGives the specified player an achievement or changes a statistic value. Use '*' to give all achievements.[m
[02:10:20] [Server thread/INFO]: [0;33;22m/ban: [0;37;1mPrevents the specified player from using this server[m
[02:10:20] [Server thread/INFO]: [0;33;22m/ban-ip: [0;37;1mPrevents the specified IP address from using this server[m
[02:10:20] [Server thread/INFO]: [0;33;22m/banlist: [0;37;1mView all players banned from this server[m
[02:10:20] [Server thread/INFO]: [0;33;22m/clear: [0;37;1mClears the player's inventory. Can specify item and data filters too.[m
[02:10:20] [Server thread/INFO]: [0;33;22m/defaultgamemode: [0;37;1mSet the default gamemode[m
[02:10:20] [Server thread/INFO]: [0;33;22m/deop: [0;37;1mTakes the specified player's operator status[m
[02:10:20] [Server thread/INFO]: [0;33;22m/difficulty: [0;37;1mSets the game difficulty[m
[02:10:20] [Server thread/INFO]: [0;33;22m/effect: [0;37;1mAdds/Removes effects on players[m
[02:10:20] [Server thread/INFO]: [0;33;22m/enchant: [0;37;1mAdds enchantments to the item the player is currently holding. Specify 0 for the level to remove an enchantment. Specify force to ignore normal enchantment restrictions[m
[02:10:20] [Server thread/INFO]: [0;33;22m/gamemode: [0;37;1mChanges the player to a specific game mode[m
[02:10:20] [Server thread/INFO]: [0;33;22m/gamerule: [0;37;1mSets a server's game rules[m
[02:10:20] [Server thread/INFO]: [0;33;22m/give: [0;37;1mGives the specified player a certain amount of items[m
[02:10:20] [Server thread/INFO]: [0;33;22m/help: [0;37;1mShows the help menu[m
[02:10:20] [Server thread/INFO]: [0;33;22m/kick: [0;37;1mRemoves the specified player from the server[m
[02:10:20] [Server thread/INFO]: [0;33;22m/kill: [0;37;1mCommits suicide, only usable as a player[m
[02:10:20] [Server thread/INFO]: [0;33;22m/list: [0;37;1mLists all online players[m
[02:10:20] [Server thread/INFO]: [0;33;22m/me: [0;37;1mPerforms the specified action in chat[m
[02:10:20] [Server thread/INFO]: [0;33;22m/minecraft:achievement: [0;37;1mA Mojang provided command.[m
[02:10:20] [Server thread/INFO]: [0;33;22m/minecraft:ban: [0;37;1mA Mojang provided command.[m
[02:10:20] [Server thread/INFO]: [0;33;22m/minecraft:ban-ip: [0;37;1mA Mojang provided command.[m
[02:10:20] [Server thread/INFO]: [0;33;22m/minecraft:banlist: [0;37;1mA Mojang provided command.[m
[02:10:20] [Server thread/INFO]: [0;33;22m/minecraft:clear: [0;37;1mA Mojang provided command.[m
[02:10:20] [Server thread/INFO]: [0;33;22m/minecraft:defaultgamemode: [0;37;1mA Mojang provided command.[m
[02:10:20] [Server thread/INFO]: [0;33;22m/minecraft:deop: [0;37;1mA Mojang provided command.[m
[02:10:20] [Server thread/INFO]: [0;33;22m/minecraft:difficulty: [0;37;1mA Mojang provided command.[m
[02:10:20] [Server thread/INFO]: [0;33;22m/minecraft:effect: [0;37;1mA Mojang provided command.[m
[02:10:20] [Server thread/INFO]: [0;33;22m/minecraft:enchant: [0;37;1mA Mojang provided command.[m
[02:10:20] [Server thread/INFO]: [0;33;22m/minecraft:gamemode: [0;37;1mA Mojang provided command.[m
[02:10:20] [Server thread/INFO]: [0;33;22m/minecraft:gamerule: [0;37;1mA Mojang provided command.[m
[02:10:20] [Server thread/INFO]: [0;33;22m/minecraft:give: [0;37;1mA Mojang provided command.[m
[02:10:20] [Server thread/INFO]: [0;33;22m/minecraft:help: [0;37;1mA Mojang provided command.[m
[02:10:20] [Server thread/INFO]: [0;33;22m/minecraft:kick: [0;37;1mA Mojang provided command.[m
[02:10:20] [Server thread/INFO]: [0;33;22m/minecraft:kill: [0;37;1mA Mojang provided command.[m
[02:10:20] [Server thread/INFO]: [0;33;22m/minecraft:list: [0;37;1mA Mojang provided command.[m
[02:10:20] [Server thread/INFO]: [0;33;22m/minecraft:me: [0;37;1mA Mojang provided command.[m
[02:10:20] [Server thread/INFO]: [0;33;22m/minecraft:op: [0;37;1mA Mojang provided command.[m
[02:10:20] [Server thread/INFO]: [0;33;22m/minecraft:pardon: [0;37;1mA Mojang provided command.[m
[02:10:20] [Server thread/INFO]: [0;33;22m/minecraft:pardon-ip: [0;37;1mA Mojang provided command.[m
[02:10:20] [Server thread/INFO]: [0;33;22m/minecraft:playsound: [0;37;1mA Mojang provided command.[m
[02:10:20] [Server thread/INFO]: [0;33;22m/minecraft:say: [0;37;1mA Mojang provided command.[m
[02:10:20] [Server thread/INFO]: [0;33;22m/minecraft:scoreboard: [0;37;1mA Mojang provided command.[m
[02:10:20] [Server thread/INFO]: [0;33;22m/minecraft:seed: [0;37;1mA Mojang provided command.[m
[02:10:20] [Server thread/INFO]: [0;33;22m/minecraft:setidletimeout: [0;37;1mA Mojang provided command.[m
[02:10:20] [Server thread/INFO]: [0;33;22m/minecraft:setworldspawn: [0;37;1mA Mojang provided command.[m
[02:10:20] [Server thread/INFO]: [0;33;22m/minecraft:spawnpoint: [0;37;1mA Mojang provided command.[m
[02:10:20] [Server thread/INFO]: [0;33;22m/minecraft:spreadplayers: [0;37;1mA Mojang provided command.[m
[02:10:20] [Server thread/INFO]: [0;33;22m/minecraft:tell: [0;37;1mA Mojang provided command.[m
[02:10:20] [Server thread/INFO]: [0;33;22m/minecraft:testfor: [0;37;1mA Mojang provided command.[m
[02:10:20] [Server thread/INFO]: [0;33;22m/minecraft:time: [0;37;1mA Mojang provided command.[m
[02:10:20] [Server thread/INFO]: [0;33;22m/minecraft:toggledownfall: [0;37;1mA Mojang provided command.[m
[02:10:20] [Server thread/INFO]: [0;33;22m/minecraft:tp: [0;37;1mA Mojang provided command.[m
[02:10:20] [Server thread/INFO]: [0;33;22m/minecraft:weather: [0;37;1mA Mojang provided command.[m
[02:10:20] [Server thread/INFO]: [0;33;22m/minecraft:whitelist: [0;37;1mA Mojang provided command.[m
[02:10:20] [Server thread/INFO]: [0;33;22m/minecraft:xp: [0;37;1mA Mojang provided command.[m
[02:10:20] [Server thread/INFO]: [0;33;22m/netstat: [0;37;1mA Mojang provided command.[m
[02:10:20] [Server thread/INFO]: [0;33;22m/op: [0;37;1mGives the specified player operator status[m
[02:10:20] [Server thread/INFO]: [0;33;22m/pardon: [0;37;1mAllows the specified player to use this server[m
[02:10:20] [Server thread/INFO]: [0;33;22m/pardon-ip: [0;37;1mAllows the specified IP address to use this server[m
[02:10:20] [Server thread/INFO]: [0;33;22m/playsound: [0;37;1mPlays a sound to a given player[m
[02:10:20] [Server thread/INFO]: [0;33;22m/plugins: [0;37;1mGets a list of plugins running on the server[m
[02:10:20] [Server thread/INFO]: [0;33;22m/reload: [0;37;1mReloads the server configuration and plugins[m
[02:10:20] [Server thread/INFO]: [0;33;22m/save-all: [0;37;1mSaves the server to disk[m
[02:10:20] [Server thread/INFO]: [0;33;22m/save-off: [0;37;1mDisables server autosaving[m
[02:10:20] [Server thread/INFO]: [0;33;22m/save-on: [0;37;1mEnables server autosaving[m
[02:10:20] [Server thread/INFO]: [0;33;22m/say: [0;37;1mBroadcasts the given message as the sender[m
[02:10:20] [Server thread/INFO]: [0;33;22m/scoreboard: [0;37;1mScoreboard control[m
[02:10:20] [Server thread/INFO]: [0;33;22m/seed: [0;37;1mShows the world seed[m
[02:10:20] [Server thread/INFO]: [0;33;22m/setblock: [0;37;1mA Mojang provided command.[m
[02:10:20] [Server thread/INFO]: [0;33;22m/setidletimeout: [0;37;1mSets the server's idle timeout[m
[02:10:20] [Server thread/INFO]: [0;33;22m/setworldspawn: [0;37;1mSets a worlds's spawn point. If no coordinates are specified, the player's coordinates will be used.[m
[02:10:20] [Server thread/INFO]: [0;33;22m/spawnpoint: [0;37;1mSets a player's spawn point[m
[02:10:20] [Server thread/INFO]: [0;33;22m/spreadplayers: [0;37;1mSpreads players around a point[m
[02:10:20] [Server thread/INFO]: [0;33;22m/stop: [0;37;1mStops the server with optional reason[m
[02:10:20] [Server thread/INFO]: [0;33;22m/summon: [0;37;1mA Mojang provided command.[m
[02:10:20] [Server thread/INFO]: [0;33;22m/tell: [0;37;1mSends a private message to the given player[m
[02:10:20] [Server thread/INFO]: [0;33;22m/tellraw: [0;37;1mA Mojang provided command.[m
[02:10:20] [Server thread/INFO]: [0;33;22m/testfor: [0;37;1mTests whether a specifed player is online[m
[02:10:20] [Server thread/INFO]: [0;33;22m/testforblock: [0;37;1mA Mojang provided command.[m
[02:10:20] [Server thread/INFO]: [0;33;22m/time: [0;37;1mChanges the time on each world[m
[02:10:20] [Server thread/INFO]: [0;33;22m/timings: [0;37;1mRecords timings for all plugin events[m
[02:10:20] [Server thread/INFO]: [0;33;22m/toggledownfall: [0;37;1mToggles rain on/off on a given world[m
[02:10:20] [Server thread/INFO]: [0;33;22m/tp: [0;37;1mTeleports the given player (or yourself) to another player or coordinates[m
[02:10:20] [Server thread/INFO]: [0;33;22m/version: [0;37;1mGets the version of this server including any plugins in use[m
[02:10:20] [Server thread/INFO]: [0;33;22m/weather: [0;37;1mChanges the weather[m
[02:10:20] [Server thread/INFO]: [0;33;22m/whitelist: [0;37;1mManages the list of players allowed to use this server[m
[02:10:20] [Server thread/INFO]: [0;33;22m/xp: [0;37;1mGives the specified player a certain amount of experience. Specify <amount>L to give levels instead, with a negative amount resulting in taking levels.[m
[02:10:33] [Server thread/INFO]: [0;31;1mPlease provide a player![m
[02:10:36] [Thread-4/INFO]: Stopping server
